2
S 0 _ -> S _ > 0 >
S 1 _ -> S _ > 1 >
S _ 0 -> AC 0 ^ _ ^
S _ 1 -> AC 1 ^ _ ^
S _ _ -> S _ ^ _ <
S 0 0 -> RJ _ ^ _ <
S 0 1 -> RJ _ ^ _ <
S 1 0 -> RJ _ ^ _ <
S 1 1 -> RJ _ ^ _ <
S a 0 -> andnol  a ^ _ <
S a 1 -> andone a ^ _ <
S a _ -> S a ^ _ <
S o 0 -> ornol o ^ _ <
S o 1 -> orone o ^ _ <
S o _ -> S o ^ _ <
andnol a 0 -> S _ > 0 >
andnol a 1 -> S _ > 0 >
andone a 0 -> S _ > 0 > 
andone a 1 -> S _ > 1 >
ornol o 0 -> S _ > 0 >  
ornol o 1 -> S _ > 1 >  
orone o 0 -> S _ > 1 >  
orone o 1 -> S _ > 1 >  
