3
S _ _ _ -> mel _ < _ < _ ^
mel 0 0 _ -> mel 0 < 1 < _ ^
mel 1 0 _ -> mel 1 < 1 < _ ^
mel 0 1 _ -> backmel 0 < 0 < _ ^
mel 1 1 _ -> backmel 1 < 0 <  _ ^
backmel 0 0 _ -> backmel 0 < 0 < _ ^
backmel 0 1 _ -> backmel 0 < 1 < _ ^
backmel 1 0 _ -> backmel 1 < 0 < _ ^
backmel 1 1 _ -> backmel 1 < 1 <  _ ^
backmel 0 x _ -> backmel 0 < x <  _ ^
backmel 1 x _ -> backmel 1 < x <  _ ^
mel _ _ _ -> nol _ > _ > _ ^
provm 1 0 _ -> mel 1 ^ 0 ^ _ ^
provm 1 1 _ -> mel 1 ^ 1 ^  _ ^
provm 0 x _ -> backmel 0 ^ x ^ _ ^
provm 1 x _ -> backmel 0 ^ x ^  _ ^
backmel _ _ _ -> prov _ > _ > _ ^
prov | | _ -> prov | > | > _ ^
prov 0 x _ -> prov 0 > x > _ ^
prov 1 x _ -> prov 1 > x >  _ ^
mel | | _ -> nol | > | > _ ^
nol _ _ _ -> backmel _ < _ < | >
nol | | _ -> backmel | < | < | >
nol 0 1 _ -> nol 0 > x > 0 > 
nol 1 1 _ -> nol 1 > x > 1 >
backmel | | _ -> provm | < | < _ ^
provm 0 0 _ -> mel 0 ^ 0 ^ _ ^
provm 0 1 _ -> mel 0 ^ 1 ^ _ ^
prov 0 0 _ -> tofin 0 > 0 > _ ^
prov 0 1 _ -> tofin 0 > 1 > _ ^
prov 1 0 _ -> tofin 1 > 0 > _ ^
prov 1 1 _ -> tofin 1 > 1 >  _ ^
tofin _ _ _ -> provm _ < _ < _ ^
tofin | | _ -> tofin | > | > _ ^
tofin 0 0 _ -> tofin 0 > 0 > _ ^
tofin 0 1 _ -> tofin 0 > 1 > _ ^
tofin 1 0 _ -> tofin 1 > 0 > _ ^
tofin 1 1 _ -> tofin 1 > 1 >  _ ^
tofin 0 x _ -> tofin 0 > x > _ ^
tofin 1 x _ -> tofin 0 > x >  _ ^
prov _ _ _ -> paldel _ ^ _ ^ _ <
paldel _ _ | -> exit _ < _ < _ <
exit 0 x 0 -> exit 0 < x < 0 <
exit 0 x 1 -> exit 1 < x < 1 <
exit 1 x 0 -> exit 0 < x < 0 <
exit 1 x 1 -> exit 1 < x < 1 <
exit 0 x | -> exit | < x < | <
exit 1 x | -> exit | < x < | <
exit | | 0 -> exit 0 < x < 0 <
exit | | 1 -> exit 1 < x < 1 <
exit | | | -> exit | < x < | <
exit _ _ _ -> AC _ > _ > _ >
S | _ _ -> S | > | > _ ^
S 0 _ _ -> S 0 > 0 > _ ^
S 1 _ _ -> S 1 > 1 > _ ^
backmel _ _ _ -> prov _ > _ > _ ^
